{"/home/wapi/Desktop/Libs/unit-test/src/sum.js": {"path":"/home/wapi/Desktop/Libs/unit-test/src/sum.js","statementMap":{"0":{"start":{"line":1,"column":19},"end":{"line":3,"column":1}},"1":{"start":{"line":2,"column":2},"end":{"line":2,"column":24}},"2":{"start":{"line":5,"column":22},"end":{"line":12,"column":1}},"3":{"start":{"line":6,"column":14},"end":{"line":6,"column":15}},"4":{"start":{"line":7,"column":2},"end":{"line":9,"column":3}},"5":{"start":{"line":8,"column":4},"end":{"line":8,"column":20}},"6":{"start":{"line":11,"column":2},"end":{"line":11,"column":15}},"7":{"start":{"line":17,"column":2},"end":{"line":21,"column":3}},"8":{"start":{"line":18,"column":4},"end":{"line":18,"column":54}},"9":{"start":{"line":20,"column":4},"end":{"line":20,"column":16}},"10":{"start":{"line":24,"column":29},"end":{"line":34,"column":1}},"11":{"start":{"line":25,"column":2},"end":{"line":33,"column":5}},"12":{"start":{"line":26,"column":4},"end":{"line":32,"column":13}},"13":{"start":{"line":27,"column":6},"end":{"line":31,"column":7}},"14":{"start":{"line":28,"column":8},"end":{"line":28,"column":33}},"15":{"start":{"line":30,"column":8},"end":{"line":30,"column":32}},"16":{"start":{"line":36,"column":24},"end":{"line":42,"column":1}},"17":{"start":{"line":37,"column":2},"end":{"line":41,"column":3}},"18":{"start":{"line":38,"column":4},"end":{"line":38,"column":27}},"19":{"start":{"line":40,"column":4},"end":{"line":40,"column":40}},"20":{"start":{"line":44,"column":0},"end":{"line":44,"column":17}},"21":{"start":{"line":46,"column":25},"end":{"line":53,"column":1}},"22":{"start":{"line":47,"column":14},"end":{"line":47,"column":15}},"23":{"start":{"line":48,"column":2},"end":{"line":50,"column":3}},"24":{"start":{"line":49,"column":4},"end":{"line":49,"column":20}},"25":{"start":{"line":52,"column":2},"end":{"line":52,"column":15}},"26":{"start":{"line":55,"column":0},"end":{"line":55,"column":37}},"27":{"start":{"line":57,"column":10},"end":{"line":57,"column":11}},"28":{"start":{"line":58,"column":0},"end":{"line":58,"column":15}}},"fnMap":{"0":{"name":"(anonymous_0)","decl":{"start":{"line":1,"column":19},"end":{"line":1,"column":20}},"loc":{"start":{"line":1,"column":38},"end":{"line":3,"column":1}},"line":1},"1":{"name":"(anonymous_1)","decl":{"start":{"line":5,"column":22},"end":{"line":5,"column":23}},"loc":{"start":{"line":5,"column":35},"end":{"line":12,"column":1}},"line":5},"2":{"name":"callMe","decl":{"start":{"line":16,"column":16},"end":{"line":16,"column":22}},"loc":{"start":{"line":16,"column":29},"end":{"line":22,"column":1}},"line":16},"3":{"name":"(anonymous_3)","decl":{"start":{"line":24,"column":29},"end":{"line":24,"column":30}},"loc":{"start":{"line":24,"column":39},"end":{"line":34,"column":1}},"line":24},"4":{"name":"(anonymous_4)","decl":{"start":{"line":25,"column":21},"end":{"line":25,"column":22}},"loc":{"start":{"line":25,"column":42},"end":{"line":33,"column":3}},"line":25},"5":{"name":"(anonymous_5)","decl":{"start":{"line":26,"column":15},"end":{"line":26,"column":16}},"loc":{"start":{"line":26,"column":21},"end":{"line":32,"column":5}},"line":26},"6":{"name":"(anonymous_6)","decl":{"start":{"line":36,"column":24},"end":{"line":36,"column":25}},"loc":{"start":{"line":36,"column":34},"end":{"line":42,"column":1}},"line":36},"7":{"name":"(anonymous_7)","decl":{"start":{"line":46,"column":25},"end":{"line":46,"column":26}},"loc":{"start":{"line":46,"column":38},"end":{"line":53,"column":1}},"line":46}},"branchMap":{"0":{"loc":{"start":{"line":17,"column":2},"end":{"line":21,"column":3}},"type":"if","locations":[{"start":{"line":17,"column":2},"end":{"line":21,"column":3}},{"start":{"line":19,"column":9},"end":{"line":21,"column":3}}],"line":17},"1":{"loc":{"start":{"line":27,"column":6},"end":{"line":31,"column":7}},"type":"if","locations":[{"start":{"line":27,"column":6},"end":{"line":31,"column":7}},{"start":{"line":29,"column":13},"end":{"line":31,"column":7}}],"line":27},"2":{"loc":{"start":{"line":37,"column":2},"end":{"line":41,"column":3}},"type":"if","locations":[{"start":{"line":37,"column":2},"end":{"line":41,"column":3}},{"start":{"line":39,"column":9},"end":{"line":41,"column":3}}],"line":37}},"s":{"0":2,"1":1,"2":2,"3":0,"4":0,"5":0,"6":0,"7":1,"8":1,"9":0,"10":2,"11":2,"12":2,"13":2,"14":2,"15":0,"16":2,"17":2,"18":2,"19":0,"20":2,"21":2,"22":4,"23":4,"24":14,"25":4,"26":2,"27":2,"28":2},"f":{"0":1,"1":0,"2":1,"3":2,"4":2,"5":2,"6":2,"7":4},"b":{"0":[1,0],"1":[2,0],"2":[2,0]},"_coverageSchema":"1a1c01bbd47fc00a2c39e90264f33305004495a9","hash":"2d3c6aa24445b6f80a167506a50bceb67bc8a8f7"}
}
