TN:
SF:src/sum.js
FN:1,(anonymous_0)
FN:5,(anonymous_1)
FN:16,callMe
FN:24,(anonymous_3)
FN:25,(anonymous_4)
FN:26,(anonymous_5)
FN:36,(anonymous_6)
FN:46,(anonymous_7)
FNF:8
FNH:7
FNDA:1,(anonymous_0)
FNDA:0,(anonymous_1)
FNDA:1,callMe
FNDA:2,(anonymous_3)
FNDA:2,(anonymous_4)
FNDA:2,(anonymous_5)
FNDA:2,(anonymous_6)
FNDA:4,(anonymous_7)
DA:1,2
DA:2,1
DA:5,2
DA:6,0
DA:7,0
DA:8,0
DA:11,0
DA:17,1
DA:18,1
DA:20,0
DA:24,2
DA:25,2
DA:26,2
DA:27,2
DA:28,2
DA:30,0
DA:36,2
DA:37,2
DA:38,2
DA:40,0
DA:44,2
DA:46,2
DA:47,4
DA:48,4
DA:49,14
DA:52,4
DA:55,2
DA:57,2
DA:58,2
LF:29
LH:22
BRDA:17,0,0,1
BRDA:17,0,1,0
BRDA:27,1,0,2
BRDA:27,1,1,0
BRDA:37,2,0,2
BRDA:37,2,1,0
BRF:6
BRH:3
end_of_record
